<?xml version="1.0" encoding="UTF-8"?>
<!-- Generated by org.testng.reporters.JUnitReportReporter -->
<testsuite hostname="DELL-PC" name="CucumberTest.CucumberTest.DataTableRunner" tests="1" failures="0" timestamp="11 Jan 2018 04:57:15 GMT" time="0.685" errors="0">
  <testcase name="run_cukes" time="0.685" classname="CucumberTest.CucumberTest.DataTableRunner"/>
</testsuite> <!-- CucumberTest.CucumberTest.DataTableRunner -->
